2020-11-19 23:33:03,239 [Worker-2: Loading available Gradle versions] INFO  o.e.b.c.i.u.g.PublishedGradleVersions - Gradle version information cache is up-to-date. Trying to read.
2020-11-19 23:33:35,830 [Worker-1: Updating Maven Dependencies] INFO  o.e.m.c.i.l.LifecycleMappingFactory - Using org.eclipse.m2e.jdt.JarLifecycleMapping lifecycle mapping for MavenProject: com.cg:healthassist:0.0.1-SNAPSHOT @ C:\Users\hp\Desktop\Health Assist\HealthAssist_Patient\HealthAssist\pom.xml.
2020-11-19 23:33:35,830 [Worker-8: Building] INFO  o.e.m.c.i.l.LifecycleMappingFactory - Using org.eclipse.m2e.jdt.JarLifecycleMapping lifecycle mapping for MavenProject: com.cg:healthassist:0.0.1-SNAPSHOT @ C:\Users\hp\Desktop\Health Assist\HealthAssist_Patient\HealthAssist\pom.xml.
2020-11-19 23:33:39,034 [Worker-8: Building] INFO  o.e.m.c.i.embedder.EclipseLogger - Using 'UTF-8' encoding to copy filtered resources.
2020-11-19 23:33:39,042 [Worker-8: Building] INFO  o.e.m.c.i.embedder.EclipseLogger - Copying 1 resource
2020-11-19 23:33:39,077 [Worker-8: Building] INFO  o.e.m.c.i.embedder.EclipseLogger - Using 'UTF-8' encoding to copy filtered resources.
2020-11-19 23:33:39,077 [Worker-8: Building] INFO  o.e.m.c.i.embedder.EclipseLogger - skip non existing resourceDirectory C:\Users\hp\Desktop\Health Assist\HealthAssist_Patient\HealthAssist\src\test\resources
2020-11-19 23:33:41,993 [Worker-7: Updating Maven Dependencies] INFO  o.e.m.c.i.l.LifecycleMappingFactory - Using org.eclipse.m2e.jdt.JarLifecycleMapping lifecycle mapping for MavenProject: com.cg:healthassist:0.0.1-SNAPSHOT @ C:\Users\hp\Desktop\Health Assist\HealthAssist_Patient\HealthAssist\pom.xml.
2020-11-19 23:33:44,432 [Worker-4: Building] INFO  o.e.m.c.i.embedder.EclipseLogger - Using 'UTF-8' encoding to copy filtered resources.
2020-11-19 23:33:44,441 [Worker-4: Building] INFO  o.e.m.c.i.embedder.EclipseLogger - Copying 1 resource
2020-11-19 23:33:44,458 [Worker-4: Building] INFO  o.e.m.c.i.embedder.EclipseLogger - Using 'UTF-8' encoding to copy filtered resources.
2020-11-19 23:33:44,459 [Worker-4: Building] INFO  o.e.m.c.i.embedder.EclipseLogger - skip non existing resourceDirectory C:\Users\hp\Desktop\Health Assist\HealthAssist_Patient\HealthAssist\src\test\resources
2020-11-19 23:41:33,675 [Worker-2: Launching LoginUtil] INFO  o.e.m.c.i.embedder.EclipseLogger - Using 'UTF-8' encoding to copy filtered resources.
2020-11-19 23:41:33,676 [Worker-2: Launching LoginUtil] INFO  o.e.m.c.i.embedder.EclipseLogger - Copying 1 resource
2020-11-19 23:41:33,678 [Worker-2: Launching LoginUtil] INFO  o.e.m.c.i.embedder.EclipseLogger - Using 'UTF-8' encoding to copy filtered resources.
2020-11-19 23:41:33,678 [Worker-2: Launching LoginUtil] INFO  o.e.m.c.i.embedder.EclipseLogger - skip non existing resourceDirectory C:\Users\hp\Desktop\Health Assist\HealthAssist_Patient\HealthAssist\src\test\resources
2020-11-19 23:42:15,804 [Worker-13: Launching LoginUtil] INFO  o.e.m.c.i.embedder.EclipseLogger - Using 'UTF-8' encoding to copy filtered resources.
2020-11-19 23:42:15,806 [Worker-13: Launching LoginUtil] INFO  o.e.m.c.i.embedder.EclipseLogger - Copying 1 resource
2020-11-19 23:42:15,808 [Worker-13: Launching LoginUtil] INFO  o.e.m.c.i.embedder.EclipseLogger - Using 'UTF-8' encoding to copy filtered resources.
2020-11-19 23:42:15,809 [Worker-13: Launching LoginUtil] INFO  o.e.m.c.i.embedder.EclipseLogger - skip non existing resourceDirectory C:\Users\hp\Desktop\Health Assist\HealthAssist_Patient\HealthAssist\src\test\resources
2020-11-19 23:46:13,296 [Worker-16: Building] INFO  o.e.m.c.i.embedder.EclipseLogger - Using 'UTF-8' encoding to copy filtered resources.
2020-11-19 23:46:13,297 [Worker-16: Building] INFO  o.e.m.c.i.embedder.EclipseLogger - Copying 1 resource
2020-11-19 23:46:13,298 [Worker-16: Building] INFO  o.e.m.c.i.embedder.EclipseLogger - Using 'UTF-8' encoding to copy filtered resources.
2020-11-19 23:46:13,299 [Worker-16: Building] INFO  o.e.m.c.i.embedder.EclipseLogger - skip non existing resourceDirectory C:\Users\hp\Desktop\Health Assist\HealthAssist_Patient\HealthAssist\src\test\resources
2020-11-19 23:50:31,093 [Worker-2: Building] INFO  o.e.m.c.i.embedder.EclipseLogger - Using 'UTF-8' encoding to copy filtered resources.
2020-11-19 23:50:31,094 [Worker-2: Building] INFO  o.e.m.c.i.embedder.EclipseLogger - Copying 1 resource
2020-11-19 23:50:31,095 [Worker-2: Building] INFO  o.e.m.c.i.embedder.EclipseLogger - Using 'UTF-8' encoding to copy filtered resources.
2020-11-19 23:50:31,095 [Worker-2: Building] INFO  o.e.m.c.i.embedder.EclipseLogger - skip non existing resourceDirectory C:\Users\hp\Desktop\Health Assist\HealthAssist_Patient\HealthAssist\src\test\resources
2020-11-19 23:51:07,912 [Worker-13: Launching LoginUtil] INFO  o.e.m.c.i.embedder.EclipseLogger - Using 'UTF-8' encoding to copy filtered resources.
2020-11-19 23:51:07,914 [Worker-13: Launching LoginUtil] INFO  o.e.m.c.i.embedder.EclipseLogger - Copying 1 resource
2020-11-19 23:51:07,916 [Worker-13: Launching LoginUtil] INFO  o.e.m.c.i.embedder.EclipseLogger - Using 'UTF-8' encoding to copy filtered resources.
2020-11-19 23:51:07,917 [Worker-13: Launching LoginUtil] INFO  o.e.m.c.i.embedder.EclipseLogger - skip non existing resourceDirectory C:\Users\hp\Desktop\Health Assist\HealthAssist_Patient\HealthAssist\src\test\resources
2020-11-19 23:52:10,766 [Worker-17: Building] INFO  o.e.m.c.i.embedder.EclipseLogger - Using 'UTF-8' encoding to copy filtered resources.
2020-11-19 23:52:10,770 [Worker-17: Building] INFO  o.e.m.c.i.embedder.EclipseLogger - Copying 1 resource
2020-11-19 23:52:10,772 [Worker-17: Building] INFO  o.e.m.c.i.embedder.EclipseLogger - Using 'UTF-8' encoding to copy filtered resources.
2020-11-19 23:52:10,773 [Worker-17: Building] INFO  o.e.m.c.i.embedder.EclipseLogger - skip non existing resourceDirectory C:\Users\hp\Desktop\Health Assist\HealthAssist_Patient\HealthAssist\src\test\resources
2020-11-20 00:02:04,000 [Worker-21: Launching LoginUtil] INFO  o.e.m.c.i.embedder.EclipseLogger - Using 'UTF-8' encoding to copy filtered resources.
2020-11-20 00:02:04,003 [Worker-21: Launching LoginUtil] INFO  o.e.m.c.i.embedder.EclipseLogger - Copying 1 resource
2020-11-20 00:02:04,006 [Worker-21: Launching LoginUtil] INFO  o.e.m.c.i.embedder.EclipseLogger - Using 'UTF-8' encoding to copy filtered resources.
2020-11-20 00:02:04,006 [Worker-21: Launching LoginUtil] INFO  o.e.m.c.i.embedder.EclipseLogger - skip non existing resourceDirectory C:\Users\hp\Desktop\Health Assist\HealthAssist_Patient\HealthAssist\src\test\resources
2020-11-20 00:02:42,774 [Worker-20: Launching LoginUtil] INFO  o.e.m.c.i.embedder.EclipseLogger - Using 'UTF-8' encoding to copy filtered resources.
2020-11-20 00:02:42,775 [Worker-20: Launching LoginUtil] INFO  o.e.m.c.i.embedder.EclipseLogger - Copying 1 resource
2020-11-20 00:02:42,777 [Worker-20: Launching LoginUtil] INFO  o.e.m.c.i.embedder.EclipseLogger - Using 'UTF-8' encoding to copy filtered resources.
2020-11-20 00:02:42,777 [Worker-20: Launching LoginUtil] INFO  o.e.m.c.i.embedder.EclipseLogger - skip non existing resourceDirectory C:\Users\hp\Desktop\Health Assist\HealthAssist_Patient\HealthAssist\src\test\resources
2020-11-20 01:08:10,626 [Worker-45: Launching LoginUtil] INFO  o.e.m.c.i.embedder.EclipseLogger - Using 'UTF-8' encoding to copy filtered resources.
2020-11-20 01:08:10,629 [Worker-45: Launching LoginUtil] INFO  o.e.m.c.i.embedder.EclipseLogger - Copying 1 resource
2020-11-20 01:08:10,631 [Worker-45: Launching LoginUtil] INFO  o.e.m.c.i.embedder.EclipseLogger - Using 'UTF-8' encoding to copy filtered resources.
2020-11-20 01:08:10,632 [Worker-45: Launching LoginUtil] INFO  o.e.m.c.i.embedder.EclipseLogger - skip non existing resourceDirectory C:\Users\hp\Desktop\Health Assist\HealthAssist_Patient\HealthAssist\src\test\resources
2020-11-20 01:16:35,676 [Worker-37: Launching LoginUtil] INFO  o.e.m.c.i.embedder.EclipseLogger - Using 'UTF-8' encoding to copy filtered resources.
2020-11-20 01:16:35,678 [Worker-37: Launching LoginUtil] INFO  o.e.m.c.i.embedder.EclipseLogger - Copying 1 resource
2020-11-20 01:16:35,681 [Worker-37: Launching LoginUtil] INFO  o.e.m.c.i.embedder.EclipseLogger - Using 'UTF-8' encoding to copy filtered resources.
2020-11-20 01:16:35,681 [Worker-37: Launching LoginUtil] INFO  o.e.m.c.i.embedder.EclipseLogger - skip non existing resourceDirectory C:\Users\hp\Desktop\Health Assist\HealthAssist_Patient\HealthAssist\src\test\resources
2020-11-20 01:18:52,230 [Worker-60: Launching LoginUtil] INFO  o.e.m.c.i.embedder.EclipseLogger - Using 'UTF-8' encoding to copy filtered resources.
2020-11-20 01:18:52,233 [Worker-60: Launching LoginUtil] INFO  o.e.m.c.i.embedder.EclipseLogger - Copying 1 resource
2020-11-20 01:18:52,234 [Worker-60: Launching LoginUtil] INFO  o.e.m.c.i.embedder.EclipseLogger - Using 'UTF-8' encoding to copy filtered resources.
2020-11-20 01:18:52,234 [Worker-60: Launching LoginUtil] INFO  o.e.m.c.i.embedder.EclipseLogger - skip non existing resourceDirectory C:\Users\hp\Desktop\Health Assist\HealthAssist_Patient\HealthAssist\src\test\resources
2020-11-20 01:21:21,384 [Worker-65: Launching LoginUtil] INFO  o.e.m.c.i.embedder.EclipseLogger - Using 'UTF-8' encoding to copy filtered resources.
2020-11-20 01:21:21,385 [Worker-65: Launching LoginUtil] INFO  o.e.m.c.i.embedder.EclipseLogger - Copying 1 resource
2020-11-20 01:21:21,387 [Worker-65: Launching LoginUtil] INFO  o.e.m.c.i.embedder.EclipseLogger - Using 'UTF-8' encoding to copy filtered resources.
2020-11-20 01:21:21,387 [Worker-65: Launching LoginUtil] INFO  o.e.m.c.i.embedder.EclipseLogger - skip non existing resourceDirectory C:\Users\hp\Desktop\Health Assist\HealthAssist_Patient\HealthAssist\src\test\resources
2020-11-20 01:24:26,303 [Worker-72: Launching LoginUtil] INFO  o.e.m.c.i.embedder.EclipseLogger - Using 'UTF-8' encoding to copy filtered resources.
2020-11-20 01:24:26,304 [Worker-72: Launching LoginUtil] INFO  o.e.m.c.i.embedder.EclipseLogger - Copying 1 resource
2020-11-20 01:24:26,306 [Worker-72: Launching LoginUtil] INFO  o.e.m.c.i.embedder.EclipseLogger - Using 'UTF-8' encoding to copy filtered resources.
2020-11-20 01:24:26,307 [Worker-72: Launching LoginUtil] INFO  o.e.m.c.i.embedder.EclipseLogger - skip non existing resourceDirectory C:\Users\hp\Desktop\Health Assist\HealthAssist_Patient\HealthAssist\src\test\resources
2020-11-20 01:25:05,359 [Worker-72: Launching LoginUtil] INFO  o.e.m.c.i.embedder.EclipseLogger - Using 'UTF-8' encoding to copy filtered resources.
2020-11-20 01:25:05,360 [Worker-72: Launching LoginUtil] INFO  o.e.m.c.i.embedder.EclipseLogger - Copying 1 resource
2020-11-20 01:25:05,366 [Worker-72: Launching LoginUtil] INFO  o.e.m.c.i.embedder.EclipseLogger - Using 'UTF-8' encoding to copy filtered resources.
2020-11-20 01:25:05,367 [Worker-72: Launching LoginUtil] INFO  o.e.m.c.i.embedder.EclipseLogger - skip non existing resourceDirectory C:\Users\hp\Desktop\Health Assist\HealthAssist_Patient\HealthAssist\src\test\resources
2020-11-20 01:26:54,966 [Worker-65: Launching LoginUtil] INFO  o.e.m.c.i.embedder.EclipseLogger - Using 'UTF-8' encoding to copy filtered resources.
2020-11-20 01:26:54,969 [Worker-65: Launching LoginUtil] INFO  o.e.m.c.i.embedder.EclipseLogger - Copying 1 resource
2020-11-20 01:26:54,972 [Worker-65: Launching LoginUtil] INFO  o.e.m.c.i.embedder.EclipseLogger - Using 'UTF-8' encoding to copy filtered resources.
2020-11-20 01:26:54,972 [Worker-65: Launching LoginUtil] INFO  o.e.m.c.i.embedder.EclipseLogger - skip non existing resourceDirectory C:\Users\hp\Desktop\Health Assist\HealthAssist_Patient\HealthAssist\src\test\resources
2020-11-20 01:28:44,752 [Worker-70: Launching LoginUtil] INFO  o.e.m.c.i.embedder.EclipseLogger - Using 'UTF-8' encoding to copy filtered resources.
2020-11-20 01:28:44,754 [Worker-70: Launching LoginUtil] INFO  o.e.m.c.i.embedder.EclipseLogger - Copying 1 resource
2020-11-20 01:28:44,760 [Worker-70: Launching LoginUtil] INFO  o.e.m.c.i.embedder.EclipseLogger - Using 'UTF-8' encoding to copy filtered resources.
2020-11-20 01:28:44,761 [Worker-70: Launching LoginUtil] INFO  o.e.m.c.i.embedder.EclipseLogger - skip non existing resourceDirectory C:\Users\hp\Desktop\Health Assist\HealthAssist_Patient\HealthAssist\src\test\resources
2020-11-20 01:36:48,962 [Worker-84: Launching LoginUtil] INFO  o.e.m.c.i.embedder.EclipseLogger - Using 'UTF-8' encoding to copy filtered resources.
2020-11-20 01:36:48,963 [Worker-84: Launching LoginUtil] INFO  o.e.m.c.i.embedder.EclipseLogger - Copying 1 resource
2020-11-20 01:36:48,965 [Worker-84: Launching LoginUtil] INFO  o.e.m.c.i.embedder.EclipseLogger - Using 'UTF-8' encoding to copy filtered resources.
2020-11-20 01:36:48,965 [Worker-84: Launching LoginUtil] INFO  o.e.m.c.i.embedder.EclipseLogger - skip non existing resourceDirectory C:\Users\hp\Desktop\Health Assist\HealthAssist_Patient\HealthAssist\src\test\resources
2020-11-20 01:39:32,637 [Worker-86: Building] INFO  o.e.m.c.i.embedder.EclipseLogger - Using 'UTF-8' encoding to copy filtered resources.
2020-11-20 01:39:32,639 [Worker-86: Building] INFO  o.e.m.c.i.embedder.EclipseLogger - Copying 1 resource
2020-11-20 01:39:32,641 [Worker-86: Building] INFO  o.e.m.c.i.embedder.EclipseLogger - Using 'UTF-8' encoding to copy filtered resources.
2020-11-20 01:39:32,642 [Worker-86: Building] INFO  o.e.m.c.i.embedder.EclipseLogger - skip non existing resourceDirectory C:\Users\hp\Desktop\Health Assist\HealthAssist_Patient\HealthAssist\src\test\resources
2020-11-20 01:54:01,181 [Worker-79: Launching LoginUtil] INFO  o.e.m.c.i.embedder.EclipseLogger - Using 'UTF-8' encoding to copy filtered resources.
2020-11-20 01:54:01,183 [Worker-79: Launching LoginUtil] INFO  o.e.m.c.i.embedder.EclipseLogger - Copying 1 resource
2020-11-20 01:54:01,185 [Worker-79: Launching LoginUtil] INFO  o.e.m.c.i.embedder.EclipseLogger - Using 'UTF-8' encoding to copy filtered resources.
2020-11-20 01:54:01,185 [Worker-79: Launching LoginUtil] INFO  o.e.m.c.i.embedder.EclipseLogger - skip non existing resourceDirectory C:\Users\hp\Desktop\Health Assist\HealthAssist_Patient\HealthAssist\src\test\resources
2020-11-20 01:54:41,790 [Worker-94: Building] INFO  o.e.m.c.i.embedder.EclipseLogger - Using 'UTF-8' encoding to copy filtered resources.
2020-11-20 01:54:41,792 [Worker-94: Building] INFO  o.e.m.c.i.embedder.EclipseLogger - Copying 1 resource
2020-11-20 01:54:41,794 [Worker-94: Building] INFO  o.e.m.c.i.embedder.EclipseLogger - Using 'UTF-8' encoding to copy filtered resources.
2020-11-20 01:54:41,794 [Worker-94: Building] INFO  o.e.m.c.i.embedder.EclipseLogger - skip non existing resourceDirectory C:\Users\hp\Desktop\Health Assist\HealthAssist_Patient\HealthAssist\src\test\resources
2020-11-20 02:02:14,204 [Worker-93: Launching LoginUtil] INFO  o.e.m.c.i.embedder.EclipseLogger - Using 'UTF-8' encoding to copy filtered resources.
2020-11-20 02:02:14,206 [Worker-93: Launching LoginUtil] INFO  o.e.m.c.i.embedder.EclipseLogger - Copying 1 resource
2020-11-20 02:02:14,209 [Worker-93: Launching LoginUtil] INFO  o.e.m.c.i.embedder.EclipseLogger - Using 'UTF-8' encoding to copy filtered resources.
2020-11-20 02:02:14,210 [Worker-93: Launching LoginUtil] INFO  o.e.m.c.i.embedder.EclipseLogger - skip non existing resourceDirectory C:\Users\hp\Desktop\Health Assist\HealthAssist_Patient\HealthAssist\src\test\resources
2020-11-20 02:05:40,379 [Worker-88: Launching LoginUtil] INFO  o.e.m.c.i.embedder.EclipseLogger - Using 'UTF-8' encoding to copy filtered resources.
2020-11-20 02:05:40,381 [Worker-88: Launching LoginUtil] INFO  o.e.m.c.i.embedder.EclipseLogger - Copying 1 resource
2020-11-20 02:05:40,384 [Worker-88: Launching LoginUtil] INFO  o.e.m.c.i.embedder.EclipseLogger - Using 'UTF-8' encoding to copy filtered resources.
2020-11-20 02:05:40,384 [Worker-88: Launching LoginUtil] INFO  o.e.m.c.i.embedder.EclipseLogger - skip non existing resourceDirectory C:\Users\hp\Desktop\Health Assist\HealthAssist_Patient\HealthAssist\src\test\resources
2020-11-20 02:08:06,790 [Worker-88: Launching LoginUtil] INFO  o.e.m.c.i.embedder.EclipseLogger - Using 'UTF-8' encoding to copy filtered resources.
2020-11-20 02:08:06,794 [Worker-88: Launching LoginUtil] INFO  o.e.m.c.i.embedder.EclipseLogger - Copying 1 resource
2020-11-20 02:08:06,798 [Worker-88: Launching LoginUtil] INFO  o.e.m.c.i.embedder.EclipseLogger - Using 'UTF-8' encoding to copy filtered resources.
2020-11-20 02:08:06,799 [Worker-88: Launching LoginUtil] INFO  o.e.m.c.i.embedder.EclipseLogger - skip non existing resourceDirectory C:\Users\hp\Desktop\Health Assist\HealthAssist_Patient\HealthAssist\src\test\resources
2020-11-20 02:09:43,666 [Worker-100: Launching LoginUtil] INFO  o.e.m.c.i.embedder.EclipseLogger - Using 'UTF-8' encoding to copy filtered resources.
2020-11-20 02:09:43,668 [Worker-100: Launching LoginUtil] INFO  o.e.m.c.i.embedder.EclipseLogger - Copying 1 resource
2020-11-20 02:09:43,672 [Worker-100: Launching LoginUtil] INFO  o.e.m.c.i.embedder.EclipseLogger - Using 'UTF-8' encoding to copy filtered resources.
2020-11-20 02:09:43,672 [Worker-100: Launching LoginUtil] INFO  o.e.m.c.i.embedder.EclipseLogger - skip non existing resourceDirectory C:\Users\hp\Desktop\Health Assist\HealthAssist_Patient\HealthAssist\src\test\resources
2020-11-20 02:11:46,134 [Worker-88: Launching LoginUtil] INFO  o.e.m.c.i.embedder.EclipseLogger - Using 'UTF-8' encoding to copy filtered resources.
2020-11-20 02:11:46,135 [Worker-88: Launching LoginUtil] INFO  o.e.m.c.i.embedder.EclipseLogger - Copying 1 resource
2020-11-20 02:11:46,137 [Worker-88: Launching LoginUtil] INFO  o.e.m.c.i.embedder.EclipseLogger - Using 'UTF-8' encoding to copy filtered resources.
2020-11-20 02:11:46,137 [Worker-88: Launching LoginUtil] INFO  o.e.m.c.i.embedder.EclipseLogger - skip non existing resourceDirectory C:\Users\hp\Desktop\Health Assist\HealthAssist_Patient\HealthAssist\src\test\resources
2020-11-20 07:54:10,901 [Worker-114: Launching LoginUtil] INFO  o.e.m.c.i.embedder.EclipseLogger - Using 'UTF-8' encoding to copy filtered resources.
2020-11-20 07:54:10,903 [Worker-114: Launching LoginUtil] INFO  o.e.m.c.i.embedder.EclipseLogger - Copying 1 resource
2020-11-20 07:54:10,905 [Worker-114: Launching LoginUtil] INFO  o.e.m.c.i.embedder.EclipseLogger - Using 'UTF-8' encoding to copy filtered resources.
2020-11-20 07:54:10,905 [Worker-114: Launching LoginUtil] INFO  o.e.m.c.i.embedder.EclipseLogger - skip non existing resourceDirectory C:\Users\hp\Desktop\Health Assist\HealthAssist_Patient\HealthAssist\src\test\resources
2020-11-20 07:54:58,837 [Worker-107: Launching LoginUtil] INFO  o.e.m.c.i.embedder.EclipseLogger - Using 'UTF-8' encoding to copy filtered resources.
2020-11-20 07:54:58,839 [Worker-107: Launching LoginUtil] INFO  o.e.m.c.i.embedder.EclipseLogger - Copying 1 resource
2020-11-20 07:54:58,840 [Worker-107: Launching LoginUtil] INFO  o.e.m.c.i.embedder.EclipseLogger - Using 'UTF-8' encoding to copy filtered resources.
2020-11-20 07:54:58,841 [Worker-107: Launching LoginUtil] INFO  o.e.m.c.i.embedder.EclipseLogger - skip non existing resourceDirectory C:\Users\hp\Desktop\Health Assist\HealthAssist_Patient\HealthAssist\src\test\resources
2020-11-20 07:58:35,607 [Worker-121: Launching LoginUtil] INFO  o.e.m.c.i.embedder.EclipseLogger - Using 'UTF-8' encoding to copy filtered resources.
2020-11-20 07:58:35,609 [Worker-121: Launching LoginUtil] INFO  o.e.m.c.i.embedder.EclipseLogger - Copying 1 resource
2020-11-20 07:58:35,611 [Worker-121: Launching LoginUtil] INFO  o.e.m.c.i.embedder.EclipseLogger - Using 'UTF-8' encoding to copy filtered resources.
2020-11-20 07:58:35,612 [Worker-121: Launching LoginUtil] INFO  o.e.m.c.i.embedder.EclipseLogger - skip non existing resourceDirectory C:\Users\hp\Desktop\Health Assist\HealthAssist_Patient\HealthAssist\src\test\resources
2020-11-20 08:00:55,317 [Worker-121: Launching LoginUtil] INFO  o.e.m.c.i.embedder.EclipseLogger - Using 'UTF-8' encoding to copy filtered resources.
2020-11-20 08:00:55,319 [Worker-121: Launching LoginUtil] INFO  o.e.m.c.i.embedder.EclipseLogger - Copying 1 resource
2020-11-20 08:00:55,322 [Worker-121: Launching LoginUtil] INFO  o.e.m.c.i.embedder.EclipseLogger - Using 'UTF-8' encoding to copy filtered resources.
2020-11-20 08:00:55,323 [Worker-121: Launching LoginUtil] INFO  o.e.m.c.i.embedder.EclipseLogger - skip non existing resourceDirectory C:\Users\hp\Desktop\Health Assist\HealthAssist_Patient\HealthAssist\src\test\resources
2020-11-20 08:10:09,036 [Worker-126: Launching LoginUtil] INFO  o.e.m.c.i.embedder.EclipseLogger - Using 'UTF-8' encoding to copy filtered resources.
2020-11-20 08:10:09,038 [Worker-126: Launching LoginUtil] INFO  o.e.m.c.i.embedder.EclipseLogger - Copying 1 resource
2020-11-20 08:10:09,040 [Worker-126: Launching LoginUtil] INFO  o.e.m.c.i.embedder.EclipseLogger - Using 'UTF-8' encoding to copy filtered resources.
2020-11-20 08:10:09,040 [Worker-126: Launching LoginUtil] INFO  o.e.m.c.i.embedder.EclipseLogger - skip non existing resourceDirectory C:\Users\hp\Desktop\Health Assist\HealthAssist_Patient\HealthAssist\src\test\resources
2020-11-20 08:11:33,680 [Worker-131: Building] INFO  o.e.m.c.i.embedder.EclipseLogger - Using 'UTF-8' encoding to copy filtered resources.
2020-11-20 08:11:33,681 [Worker-131: Building] INFO  o.e.m.c.i.embedder.EclipseLogger - Copying 1 resource
2020-11-20 08:11:33,682 [Worker-131: Building] INFO  o.e.m.c.i.embedder.EclipseLogger - Using 'UTF-8' encoding to copy filtered resources.
2020-11-20 08:11:33,682 [Worker-131: Building] INFO  o.e.m.c.i.embedder.EclipseLogger - skip non existing resourceDirectory C:\Users\hp\Desktop\Health Assist\HealthAssist_Patient\HealthAssist\src\test\resources
2020-11-20 08:23:44,368 [Worker-134: Building] INFO  o.e.m.c.i.embedder.EclipseLogger - Using 'UTF-8' encoding to copy filtered resources.
2020-11-20 08:23:44,369 [Worker-134: Building] INFO  o.e.m.c.i.embedder.EclipseLogger - Copying 1 resource
2020-11-20 08:23:44,370 [Worker-134: Building] INFO  o.e.m.c.i.embedder.EclipseLogger - Using 'UTF-8' encoding to copy filtered resources.
2020-11-20 08:23:44,371 [Worker-134: Building] INFO  o.e.m.c.i.embedder.EclipseLogger - skip non existing resourceDirectory C:\Users\hp\Desktop\Health Assist\HealthAssist_Patient\HealthAssist\src\test\resources
2020-11-20 08:23:53,766 [Worker-133: Building] INFO  o.e.m.c.i.embedder.EclipseLogger - Using 'UTF-8' encoding to copy filtered resources.
2020-11-20 08:23:53,767 [Worker-133: Building] INFO  o.e.m.c.i.embedder.EclipseLogger - Copying 1 resource
2020-11-20 08:23:53,769 [Worker-133: Building] INFO  o.e.m.c.i.embedder.EclipseLogger - Using 'UTF-8' encoding to copy filtered resources.
2020-11-20 08:23:53,769 [Worker-133: Building] INFO  o.e.m.c.i.embedder.EclipseLogger - skip non existing resourceDirectory C:\Users\hp\Desktop\Health Assist\HealthAssist_Patient\HealthAssist\src\test\resources
2020-11-20 10:08:41,883 [Worker-2: Loading available Gradle versions] INFO  o.e.b.c.i.u.g.PublishedGradleVersions - Gradle version information cache is up-to-date. Trying to read.
2020-11-20 10:10:17,072 [Worker-11: Launching LoginUtil] INFO  o.e.m.c.i.embedder.EclipseLogger - Using 'UTF-8' encoding to copy filtered resources.
2020-11-20 10:10:17,080 [Worker-11: Launching LoginUtil] INFO  o.e.m.c.i.embedder.EclipseLogger - Copying 1 resource
2020-11-20 10:10:17,086 [Worker-11: Launching LoginUtil] INFO  o.e.m.c.i.embedder.EclipseLogger - Using 'UTF-8' encoding to copy filtered resources.
2020-11-20 10:10:17,087 [Worker-11: Launching LoginUtil] INFO  o.e.m.c.i.embedder.EclipseLogger - skip non existing resourceDirectory C:\Users\hp\Desktop\Health Assist\HealthAssist_Patient\HealthAssist\src\test\resources
2020-11-20 10:11:15,874 [Worker-9: Launching LoginUtil] INFO  o.e.m.c.i.embedder.EclipseLogger - Using 'UTF-8' encoding to copy filtered resources.
2020-11-20 10:11:15,967 [Worker-9: Launching LoginUtil] INFO  o.e.m.c.i.embedder.EclipseLogger - Copying 1 resource
2020-11-20 10:11:15,972 [Worker-9: Launching LoginUtil] INFO  o.e.m.c.i.embedder.EclipseLogger - Using 'UTF-8' encoding to copy filtered resources.
2020-11-20 10:11:15,974 [Worker-9: Launching LoginUtil] INFO  o.e.m.c.i.embedder.EclipseLogger - skip non existing resourceDirectory C:\Users\hp\Desktop\Health Assist\HealthAssist_Patient\HealthAssist\src\test\resources
2020-11-20 12:55:33,259 [Worker-20: Building] INFO  o.e.m.c.i.embedder.EclipseLogger - Using 'UTF-8' encoding to copy filtered resources.
2020-11-20 12:55:33,263 [Worker-20: Building] INFO  o.e.m.c.i.embedder.EclipseLogger - Copying 1 resource
2020-11-20 12:55:33,270 [Worker-20: Building] INFO  o.e.m.c.i.embedder.EclipseLogger - Using 'UTF-8' encoding to copy filtered resources.
2020-11-20 12:55:33,271 [Worker-20: Building] INFO  o.e.m.c.i.embedder.EclipseLogger - skip non existing resourceDirectory C:\Users\hp\Desktop\Health Assist\HealthAssist_Patient\HealthAssist\src\test\resources
2020-11-20 12:58:05,045 [Worker-24: Building] INFO  o.e.m.c.i.embedder.EclipseLogger - Using 'UTF-8' encoding to copy filtered resources.
2020-11-20 12:58:05,046 [Worker-24: Building] INFO  o.e.m.c.i.embedder.EclipseLogger - Copying 1 resource
2020-11-20 12:58:05,049 [Worker-24: Building] INFO  o.e.m.c.i.embedder.EclipseLogger - Using 'UTF-8' encoding to copy filtered resources.
2020-11-20 12:58:05,049 [Worker-24: Building] INFO  o.e.m.c.i.embedder.EclipseLogger - skip non existing resourceDirectory C:\Users\hp\Desktop\Health Assist\HealthAssist_Patient\HealthAssist\src\test\resources
2020-11-20 12:58:15,340 [Worker-19: Building] INFO  o.e.m.c.i.embedder.EclipseLogger - Using 'UTF-8' encoding to copy filtered resources.
2020-11-20 12:58:15,342 [Worker-19: Building] INFO  o.e.m.c.i.embedder.EclipseLogger - Copying 1 resource
2020-11-20 12:58:15,345 [Worker-19: Building] INFO  o.e.m.c.i.embedder.EclipseLogger - Using 'UTF-8' encoding to copy filtered resources.
2020-11-20 12:58:15,345 [Worker-19: Building] INFO  o.e.m.c.i.embedder.EclipseLogger - skip non existing resourceDirectory C:\Users\hp\Desktop\Health Assist\HealthAssist_Patient\HealthAssist\src\test\resources
2020-11-20 12:59:31,721 [Worker-24: Building] INFO  o.e.m.c.i.embedder.EclipseLogger - Using 'UTF-8' encoding to copy filtered resources.
2020-11-20 12:59:31,723 [Worker-24: Building] INFO  o.e.m.c.i.embedder.EclipseLogger - Copying 1 resource
2020-11-20 12:59:31,727 [Worker-24: Building] INFO  o.e.m.c.i.embedder.EclipseLogger - Using 'UTF-8' encoding to copy filtered resources.
2020-11-20 12:59:31,727 [Worker-24: Building] INFO  o.e.m.c.i.embedder.EclipseLogger - skip non existing resourceDirectory C:\Users\hp\Desktop\Health Assist\HealthAssist_Patient\HealthAssist\src\test\resources
2020-11-20 13:02:37,153 [Worker-26: Building] INFO  o.e.m.c.i.embedder.EclipseLogger - Using 'UTF-8' encoding to copy filtered resources.
2020-11-20 13:02:37,155 [Worker-26: Building] INFO  o.e.m.c.i.embedder.EclipseLogger - Copying 1 resource
2020-11-20 13:02:37,158 [Worker-26: Building] INFO  o.e.m.c.i.embedder.EclipseLogger - Using 'UTF-8' encoding to copy filtered resources.
2020-11-20 13:02:37,158 [Worker-26: Building] INFO  o.e.m.c.i.embedder.EclipseLogger - skip non existing resourceDirectory C:\Users\hp\Desktop\Health Assist\HealthAssist_Patient\HealthAssist\src\test\resources
2020-11-20 13:03:14,326 [Worker-26: Building] INFO  o.e.m.c.i.embedder.EclipseLogger - Using 'UTF-8' encoding to copy filtered resources.
2020-11-20 13:03:14,329 [Worker-26: Building] INFO  o.e.m.c.i.embedder.EclipseLogger - Copying 1 resource
